<?xml version="1.0" encoding="UTF-8"?>
<!-- Generated by org.testng.reporters.JUnitReportReporter -->
<testsuite hostname="LAPTOP-UASIMC93" failures="0" tests="1" name="ComKiteQaTestCases.HomePageTest" time="8.763" errors="0" timestamp="2022-07-13T15:55:24 IST" skipped="0">
  <testcase classname="ComKiteQaTestCases.HomePageTest" name="HomepageTitle" time="8.763"/>
  <system-out/>
</testsuite> <!-- ComKiteQaTestCases.HomePageTest -->
